

Started GET "/" for ::1 at 2018-01-26 15:22:41 +1000
Processing by HomeController#index as HTML
  Rendered home/index.html.erb within layouts/application (1.0ms)
Completed 500 Internal Server Error in 212ms

ActionView::Template::Error (File to import not found or unreadable: sass-rails.
Load paths:
  /Users/hough/Development/code/bootstrap-example-rails-lab-cb-000/app/assets/images
  /Users/hough/Development/code/bootstrap-example-rails-lab-cb-000/app/assets/javascripts
  /Users/hough/Development/code/bootstrap-example-rails-lab-cb-000/app/assets/stylesheets
  /Users/hough/Development/code/bootstrap-example-rails-lab-cb-000/vendor/assets/javascripts
  /Users/hough/Development/code/bootstrap-example-rails-lab-cb-000/vendor/assets/stylesheets
  /Users/hough/.rbenv/versions/2.3.4/lib/ruby/gems/2.3.0/gems/turbolinks-2.5.3/lib/assets/javascripts
  /Users/hough/.rbenv/versions/2.3.4/lib/ruby/gems/2.3.0/gems/jquery-rails-4.1.0/vendor/assets/javascripts
  /Users/hough/.rbenv/versions/2.3.4/lib/ruby/gems/2.3.0/gems/coffee-rails-4.1.1/lib/assets/javascripts
  /Users/hough/.rbenv/versions/2.3.4/lib/ruby/gems/2.3.0/gems/bootstrap-sass-3.3.7/assets/stylesheets
  /Users/hough/.rbenv/versions/2.3.4/lib/ruby/gems/2.3.0/gems/bootstrap-sass-3.3.7/assets/javascripts
  /Users/hough/.rbenv/versions/2.3.4/lib/ruby/gems/2.3.0/gems/bootstrap-sass-3.3.7/assets/fonts
  /Users/hough/.rbenv/versions/2.3.4/lib/ruby/gems/2.3.0/gems/bootstrap-sass-3.3.7/assets/images
  /Users/hough/.rbenv/versions/2.3.4/lib/ruby/gems/2.3.0/gems/bootstrap-sass-3.3.7/assets/stylesheets):
    3: <head>
    4:   <title>Application Layout</title>
    5:   <%= csrf_meta_tags %>
    6:   <%= stylesheet_link_tag 'application', media: 'all', 'data-turbolinks-track' => true %>
    7: </head>
    8: <body>
    9: 
  app/assets/stylesheets/application.scss:2
  app/views/layouts/application.html.erb:6:in `_app_views_layouts_application_html_erb__2475535404976360848_70127345918420'


  Rendered /Users/hough/.rbenv/versions/2.3.4/lib/ruby/gems/2.3.0/gems/actionpack-4.2.5.1/lib/action_dispatch/middleware/templates/rescues/_source.erb (7.2ms)
  Rendered /Users/hough/.rbenv/versions/2.3.4/lib/ruby/gems/2.3.0/gems/actionpack-4.2.5.1/lib/action_dispatch/middleware/templates/rescues/_trace.html.erb (3.2ms)
  Rendered /Users/hough/.rbenv/versions/2.3.4/lib/ruby/gems/2.3.0/gems/actionpack-4.2.5.1/lib/action_dispatch/middleware/templates/rescues/_request_and_response.html.erb (0.8ms)
  Rendered /Users/hough/.rbenv/versions/2.3.4/lib/ruby/gems/2.3.0/gems/actionpack-4.2.5.1/lib/action_dispatch/middleware/templates/rescues/template_error.html.erb within rescues/layout (105.1ms)
  Rendered /Users/hough/.rbenv/versions/2.3.4/lib/ruby/gems/2.3.0/gems/web-console-2.3.0/lib/web_console/templates/_markup.html.erb (0.6ms)
  Rendered /Users/hough/.rbenv/versions/2.3.4/lib/ruby/gems/2.3.0/gems/web-console-2.3.0/lib/web_console/templates/_inner_console_markup.html.erb within layouts/inlined_string (0.3ms)
  Rendered /Users/hough/.rbenv/versions/2.3.4/lib/ruby/gems/2.3.0/gems/web-console-2.3.0/lib/web_console/templates/_prompt_box_markup.html.erb within layouts/inlined_string (0.4ms)
  Rendered /Users/hough/.rbenv/versions/2.3.4/lib/ruby/gems/2.3.0/gems/web-console-2.3.0/lib/web_console/templates/style.css.erb within layouts/inlined_string (0.3ms)
  Rendered /Users/hough/.rbenv/versions/2.3.4/lib/ruby/gems/2.3.0/gems/web-console-2.3.0/lib/web_console/templates/console.js.erb within layouts/javascript (101.0ms)
  Rendered /Users/hough/.rbenv/versions/2.3.4/lib/ruby/gems/2.3.0/gems/web-console-2.3.0/lib/web_console/templates/main.js.erb within layouts/javascript (0.8ms)
  Rendered /Users/hough/.rbenv/versions/2.3.4/lib/ruby/gems/2.3.0/gems/web-console-2.3.0/lib/web_console/templates/error_page.js.erb within layouts/javascript (0.4ms)
  Rendered /Users/hough/.rbenv/versions/2.3.4/lib/ruby/gems/2.3.0/gems/web-console-2.3.0/lib/web_console/templates/index.html.erb (249.0ms)


Started GET "/" for ::1 at 2018-01-26 15:23:29 +1000
Processing by HomeController#index as HTML
  Rendered home/index.html.erb within layouts/application (0.0ms)
Completed 200 OK in 2552ms (Views: 2550.6ms)


Started GET "/assets/application.self-f7503167d7b7675d883ed7844fb15cb43ef829a24f4a3b0fce3363a1e0270753.css?body=1" for ::1 at 2018-01-26 15:23:31 +1000


Started GET "/assets/jquery.self-c64a74367bda6ef8b860f19e74df08927ca99d2be2ac934e9e92d5fd361e0da4.js?body=1" for ::1 at 2018-01-26 15:23:31 +1000


Started GET "/assets/application.self-8f06a73c35179188914ab50e057157639fce1401c1cdca640ac9cec33746fc5b.js?body=1" for ::1 at 2018-01-26 15:23:31 +1000


Started GET "/" for ::1 at 2018-01-26 15:23:47 +1000
Processing by HomeController#index as HTML
  Rendered home/index.html.erb within layouts/application (1.2ms)
Completed 200 OK in 239ms (Views: 231.4ms)


Started GET "/" for ::1 at 2018-01-26 15:23:52 +1000
Processing by HomeController#index as HTML
  Rendered home/index.html.erb within layouts/application (0.0ms)
Completed 200 OK in 19ms (Views: 18.0ms)


Started GET "/" for ::1 at 2018-01-26 15:23:55 +1000
Processing by HomeController#index as HTML
  Rendered home/index.html.erb within layouts/application (0.0ms)
Completed 200 OK in 29ms (Views: 28.5ms)


Started GET "/" for ::1 at 2018-01-26 15:29:18 +1000
Processing by HomeController#index as HTML
  Rendered home/index.html.erb within layouts/application (1.6ms)
Completed 200 OK in 244ms (Views: 233.5ms)


Started GET "/" for ::1 at 2018-01-26 15:31:18 +1000
Processing by HomeController#index as HTML
  Rendered home/index.html.erb within layouts/application (0.4ms)
Completed 200 OK in 20ms (Views: 19.5ms)


Started GET "/" for ::1 at 2018-01-26 15:31:27 +1000
Processing by HomeController#index as HTML
  Rendered home/index.html.erb within layouts/application (0.3ms)
Completed 200 OK in 30ms (Views: 29.2ms)


Started GET "/" for ::1 at 2018-01-26 15:32:22 +1000
Processing by HomeController#index as HTML
  Rendered home/index.html.erb within layouts/application (1.5ms)
Completed 200 OK in 31ms (Views: 28.9ms)


Started GET "/" for ::1 at 2018-01-26 15:33:36 +1000
Processing by HomeController#index as HTML
  Rendered home/index.html.erb within layouts/application (0.6ms)
Completed 200 OK in 26ms (Views: 24.1ms)


Started GET "/" for ::1 at 2018-01-26 15:35:18 +1000
Processing by HomeController#index as HTML
  Rendered home/index.html.erb within layouts/application (0.4ms)
Completed 200 OK in 23ms (Views: 21.6ms)


Started GET "/" for ::1 at 2018-01-26 15:35:21 +1000
Processing by HomeController#index as HTML
  Rendered home/index.html.erb within layouts/application (0.1ms)
Completed 200 OK in 19ms (Views: 18.0ms)


Started GET "/" for ::1 at 2018-01-26 15:36:23 +1000
Processing by HomeController#index as HTML
  Rendered home/index.html.erb within layouts/application (1.1ms)
Completed 200 OK in 230ms (Views: 222.4ms)


Started GET "/" for ::1 at 2018-01-26 15:36:26 +1000
Processing by HomeController#index as HTML
  Rendered home/index.html.erb within layouts/application (0.0ms)
Completed 200 OK in 17ms (Views: 16.3ms)


Started GET "/" for ::1 at 2018-01-26 15:37:15 +1000
Processing by HomeController#index as HTML
  Rendered home/index.html.erb within layouts/application (0.3ms)
Completed 200 OK in 29ms (Views: 28.6ms)


Started GET "/" for ::1 at 2018-01-26 15:37:39 +1000
Processing by HomeController#index as HTML
  Rendered home/index.html.erb within layouts/application (0.0ms)
Completed 200 OK in 23ms (Views: 22.2ms)


Started GET "/" for ::1 at 2018-01-26 15:43:09 +1000
Processing by HomeController#index as HTML
  Rendered home/index.html.erb within layouts/application (0.8ms)
Completed 200 OK in 30ms (Views: 28.5ms)
